  World.cpp
  windowManagement.cpp
c:\users\weaver\desktop\actualwork\redesudp-master\gameclient\windowmanagement.cpp(11): warning C4244: '=': conversion from 'float' to 'int', possible loss of data
c:\users\weaver\desktop\actualwork\redesudp-master\gameclient\windowmanagement.cpp(12): warning C4244: '=': conversion from 'float' to 'int', possible loss of data
c:\users\weaver\desktop\actualwork\redesudp-master\gameclient\windowmanagement.cpp(18): warning C4244: 'argument': conversion from 'float' to 'int16_t', possible loss of data
c:\users\weaver\desktop\actualwork\redesudp-master\gameclient\windowmanagement.cpp(94): warning C4267: 'argument': conversion from 'size_t' to 'int', possible loss of data
c:\users\weaver\desktop\actualwork\redesudp-master\gameclient\windowmanagement.cpp(304): warning C4244: '-=': conversion from 'double' to 'int16_t', possible loss of data
c:\users\weaver\desktop\actualwork\redesudp-master\gameclient\windowmanagement.cpp(317): warning C4244: '+=': conversion from 'double' to 'int16_t', possible loss of data
  UDPmanager.cpp
c:\users\weaver\desktop\actualwork\redesudp-master\gameclient\udpmanager.cpp(129): warning C4267: 'argument': conversion from 'size_t' to 'uint32_t', possible loss of data
c:\users\weaver\desktop\actualwork\redesudp-master\gameclient\udpmanager.cpp(312): warning C4267: 'return': conversion from 'size_t' to 'int', possible loss of data
  Source.cpp
  Grid.cpp
  character.cpp
c:\users\weaver\desktop\actualwork\redesudp-master\gameclient\character.cpp(59): warning C4244: '-=': conversion from 'float' to 'int16_t', possible loss of data
c:\users\weaver\desktop\actualwork\redesudp-master\gameclient\character.cpp(60): warning C4244: '+=': conversion from 'float' to 'int16_t', possible loss of data
c:\users\weaver\desktop\actualwork\redesudp-master\gameclient\character.cpp(69): warning C4244: 'argument': conversion from 'float' to 'int16_t', possible loss of data
  AccumMovClient.cpp
c:\users\weaver\desktop\actualwork\redesudp-master\gameclient\accummovclient.cpp(53): warning C4267: '=': conversion from 'size_t' to 'int', possible loss of data
  Generating Code...
  GameClient.vcxproj -> C:\Users\Weaver\Desktop\ActualWork\RedesUDP-master\x64\Debug\GameClient.exe
  GameClient.vcxproj -> C:\Users\Weaver\Desktop\ActualWork\RedesUDP-master\x64\Debug\GameClient.pdb (Full PDB)
