c:\users\jsuarez\desktop\udp\redesudp-master\gameclient\x64\release\vc140.pdb
c:\users\jsuarez\desktop\udp\redesudp-master\gameclient\x64\release\source.obj
c:\users\jsuarez\desktop\udp\redesudp-master\gameclient\x64\release\grid.obj
c:\users\jsuarez\desktop\udp\redesudp-master\gameclient\x64\release\character.obj
c:\users\jsuarez\downloads\redesudp-master\gameclient\x64\release\vc140.pdb
c:\users\jsuarez\downloads\redesudp-master\gameclient\x64\release\windowmanagement.obj
c:\users\jsuarez\downloads\redesudp-master\gameclient\x64\release\source.obj
c:\users\jsuarez\downloads\redesudp-master\gameclient\x64\release\grid.obj
c:\users\jsuarez\downloads\redesudp-master\gameclient\x64\release\character.obj
c:\users\jsuarez\desktop\udp\redesudp-master\x64\release\gameclient.exe
c:\users\jsuarez\desktop\udp\redesudp-master\x64\release\gameclient.pdb
c:\users\jsuarez\downloads\redesudp-master\x64\release\gameclient.exe
c:\users\jsuarez\downloads\redesudp-master\x64\release\gameclient.ipdb
c:\users\jsuarez\downloads\redesudp-master\x64\release\gameclient.iobj
c:\users\jsuarez\downloads\redesudp-master\x64\release\gameclient.pdb
c:\users\jsuarez\downloads\redesudp-master\gameclient\x64\release\gameclient.tlog\cl.command.1.tlog
c:\users\jsuarez\downloads\redesudp-master\gameclient\x64\release\gameclient.tlog\cl.read.1.tlog
c:\users\jsuarez\downloads\redesudp-master\gameclient\x64\release\gameclient.tlog\cl.write.1.tlog
c:\users\jsuarez\downloads\redesudp-master\gameclient\x64\release\gameclient.tlog\link.command.1.tlog
c:\users\jsuarez\downloads\redesudp-master\gameclient\x64\release\gameclient.tlog\link.read.1.tlog
c:\users\jsuarez\downloads\redesudp-master\gameclient\x64\release\gameclient.tlog\link.write.1.tlog
